#
# There is insufficient memory for the Java Runtime Environment to continue.
# Native memory allocation (malloc) failed to allocate 1048576 bytes for AllocateHeap
# Possible reasons:
#   The system is out of physical RAM or swap space
#   In 32 bit mode, the process size limit was hit
# Possible solutions:
#   Reduce memory load on the system
#   Increase physical memory or swap space
#   Check if swap backing store is full
#   Use 64 bit Java on a 64 bit OS
#   Decrease Java heap size (-Xmx/-Xms)
#   Decrease number of Java threads
#   Decrease Java thread stack sizes (-Xss)
#   Set larger code cache with -XX:ReservedCodeCacheSize=
# This output file may be truncated or incomplete.
#
#  Out of Memory Error (memory/allocation.inline.hpp:61), pid=22044, tid=0x000000000000663c
#
# JRE version:  (8.0) (build )
# Java VM: OpenJDK 64-Bit Server VM (25.71-b00 mixed mode windows-amd64 compressed oops)
# Failed to write core dump. Minidumps are not enabled by default on client versions of Windows
#

---------------  T H R E A D  ---------------

Current thread (0x0000000002903000):  JavaThread "Unknown thread" [_thread_in_vm, id=26172, stack(0x0000000002770000,0x0000000002870000)]

Stack: [0x0000000002770000,0x0000000002870000]
[error occurred during error reporting (printing stack bounds), id 0xc0000005]

Native frames: (J=compiled Java code, j=interpreted, Vv=VM code, C=native code)


---------------  P R O C E S S  ---------------

Java Threads: ( => current thread )

Other Threads:

=>0x0000000002903000 (exited) JavaThread "Unknown thread" [_thread_in_vm, id=26172, stack(0x0000000002770000,0x0000000002870000)]

VM state:not at safepoint (normal execution)

VM Mutex/Monitor currently owned by a thread: None

Heap:
 PSYoungGen      total 76288K, used 1310K [0x000000076b100000, 0x0000000770600000, 0x00000007c0000000)
  eden space 65536K, 2% used [0x000000076b100000,0x000000076b247af0,0x000000076f100000)
  from space 10752K, 0% used [0x000000076fb80000,0x000000076fb80000,0x0000000770600000)
  to   space 10752K, 0% used [0x000000076f100000,0x000000076f100000,0x000000076fb80000)
 ParOldGen       total 175104K, used 0K [0x00000006c1200000, 0x00000006cbd00000, 0x000000076b100000)
  object space 175104K, 0% used [0x00000006c1200000,0x00000006c1200000,0x00000006cbd00000)
 Metaspace       used 777K, capacity 4480K, committed 4480K, reserved 1056768K
  class space    used 74K, capacity 384K, committed 384K, reserved 1048576K

Card table byte_map: [0x0000000011dc0000,0x00000000125c0000] byte_map_base: 0x000000000e7b7000

Marking Bits: (ParMarkBitMap*) 0x000000007702be50
 Begin Bits: [0x0000000013510000, 0x00000000174c8000)
 End Bits:   [0x00000000174c8000, 0x000000001b480000)

Polling page: 0x00000000009d0000

CodeCache: size=245760Kb used=327Kb max_used=327Kb free=245432Kb
 bounds [0x0000000002a00000, 0x0000000002c70000, 0x0000000011a00000]
 total_blobs=56 nmethods=0 adapters=38
 compilation: enabled

Compilation events (0 events):
No events

GC Heap History (0 events):
No events

Deoptimization events (0 events):
No events

Classes redefined (0 events):
No events

Internal exceptions (0 events):
No events

Events (10 events):
Event: 0.012 loading class java/lang/Short
Event: 0.012 loading class java/lang/Short done
Event: 0.012 loading class java/lang/Integer
Event: 0.012 loading class java/lang/Integer done
Event: 0.012 loading class java/lang/Long
Event: 0.013 loading class java/lang/Long done
Event: 0.013 loading class java/lang/NullPointerException
Event: 0.013 loading class java/lang/NullPointerException done
Event: 0.013 loading class java/lang/ArithmeticException
Event: 0.013 loading class java/lang/ArithmeticException done


Dynamic libraries:
0x00007ff721170000 - 0x00007ff7211a5000 	D:\Program Files\Unity\Hub\2022.1.4f1\Editor\Data\PlaybackEngines\AndroidPlayer\OpenJDK\bin\java.exe
0x00007ff93c2b0000 - 0x00007ff93c4a8000 	C:\WINDOWS\SYSTEM32\ntdll.dll
0x00007ff93ab40000 - 0x00007ff93abff000 	C:\WINDOWS\System32\KERNEL32.DLL
0x00007ff939a80000 - 0x00007ff939d5a000 	C:\WINDOWS\System32\KERNELBASE.dll
0x00007ff93b4c0000 - 0x00007ff93b56e000 	C:\WINDOWS\System32\ADVAPI32.dll
0x00007ff93b280000 - 0x00007ff93b31e000 	C:\WINDOWS\System32\msvcrt.dll
0x00007ff93c1d0000 - 0x00007ff93c26c000 	C:\WINDOWS\System32\sechost.dll
0x00007ff93c030000 - 0x00007ff93c156000 	C:\WINDOWS\System32\RPCRT4.dll
0x00007ff93b320000 - 0x00007ff93b4bd000 	C:\WINDOWS\System32\USER32.dll
0x00007ff939e20000 - 0x00007ff939e42000 	C:\WINDOWS\System32\win32u.dll
0x00007ff93a8b0000 - 0x00007ff93a8db000 	C:\WINDOWS\System32\GDI32.dll
0x00007ff939e50000 - 0x00007ff939f60000 	C:\WINDOWS\System32\gdi32full.dll
0x00007ff93a270000 - 0x00007ff93a30d000 	C:\WINDOWS\System32\msvcp_win.dll
0x00007ff93a170000 - 0x00007ff93a270000 	C:\WINDOWS\System32\ucrtbase.dll
0x00007ff92d290000 - 0x00007ff92d52a000 	C:\WINDOWS\WinSxS\amd64_microsoft.windows.common-controls_6595b64144ccf1df_6.0.19041.1110_none_60b5254171f9507e\COMCTL32.dll
0x00007ff93a880000 - 0x00007ff93a8b0000 	C:\WINDOWS\System32\IMM32.DLL
0x00000000770b0000 - 0x0000000077182000 	D:\Program Files\Unity\Hub\2022.1.4f1\Editor\Data\PlaybackEngines\AndroidPlayer\OpenJDK\jre\bin\msvcr100.dll
0x0000000076860000 - 0x00000000770a9000 	D:\Program Files\Unity\Hub\2022.1.4f1\Editor\Data\PlaybackEngines\AndroidPlayer\OpenJDK\jre\bin\server\jvm.dll
0x00007ff93bcc0000 - 0x00007ff93bcc8000 	C:\WINDOWS\System32\PSAPI.DLL
0x00007ff8ef2c0000 - 0x00007ff8ef2c9000 	C:\WINDOWS\SYSTEM32\WSOCK32.dll
0x00007ff935e20000 - 0x00007ff935e2a000 	C:\WINDOWS\SYSTEM32\VERSION.dll
0x00007ff930dc0000 - 0x00007ff930de7000 	C:\WINDOWS\SYSTEM32\WINMM.dll
0x00007ff93b070000 - 0x00007ff93b0db000 	C:\WINDOWS\System32\WS2_32.dll
0x00007ff92f2a0000 - 0x00007ff92f2af000 	D:\Program Files\Unity\Hub\2022.1.4f1\Editor\Data\PlaybackEngines\AndroidPlayer\OpenJDK\jre\bin\verify.dll
0x00007ff9245a0000 - 0x00007ff9245c9000 	D:\Program Files\Unity\Hub\2022.1.4f1\Editor\Data\PlaybackEngines\AndroidPlayer\OpenJDK\jre\bin\java.dll
0x00007ff92f140000 - 0x00007ff92f156000 	D:\Program Files\Unity\Hub\2022.1.4f1\Editor\Data\PlaybackEngines\AndroidPlayer\OpenJDK\jre\bin\zip.dll

VM Arguments:
jvm_args: -Dfile.encoding=UTF-8 
java_command: <unknown>
java_class_path (initial): .
Launcher Type: SUN_STANDARD

Environment Variables:
JAVA_TOOL_OPTIONS=-Dfile.encoding=UTF-8
PATH=C:\Program Files\Microsoft\jdk-11.0.16.101-hotspot\bin;C:\Program Files (x86)\Razer Chroma SDK\bin;C:\Program Files\Razer Chroma SDK\bin;C:\Program Files (x86)\Razer\ChromaBroadcast\bin;C:\Program Files\Razer\ChromaBroadcast\bin;C:\Program Files\Microsoft\jdk-11.0.12.7-hotspot\bin;C:\Program Files\Oculus\Support\oculus-runtime;C:\Program Files (x86)\Common Files\Oracle\Java\javapath;C:\ProgramData\Oracle\Java\javapath;C:\Windows\system32;C:\Windows;C:\Windows\System32\Wbem;C:\Windows\System32\WindowsPowerShell\v1.0\;C:\WINDOWS\system32;C:\WINDOWS;C:\WINDOWS\System32\Wbem;C:\WINDOWS\System32\WindowsPowerShell\v1.0\;C:\WINDOWS\System32\OpenSSH\;C:\Program Files\dotnet\;E:\Applications\Git LFS;C:\WINDOWS\system32;C:\WINDOWS;C:\WINDOWS\System32\Wbem;C:\WINDOWS\System32\WindowsPowerShell\v1.0\;C:\WINDOWS\System32\OpenSSH\;C:\\Program Files\OpenSSL-Win64\bin;C:\Program Files\Microsoft SQL Server\150\Tools\Binn\;C:\Program Files\Microsoft SQL Server\Client SDK\ODBC\170\Tools\Binn\;C:\Program Files\NVIDIA Corporation\NVIDIA NvDLISR;C:\Program Files (x86)\NVIDIA Corporation\PhysX\Common;C:\Users\wills\AppData\Local\Microsoft\WindowsApps;C:\Users\wills\AppData\Local\Programs\Microsoft VS Code\bin;C:\Users\wills\.dotnet\tools;C:\Users\wills\AppData\Local\GitHubDesktop\bin;C:\Users\wills\AppData\Local\atom\bin;C:\Users\wills\AppData\Local\Microsoft\WindowsApps;C:\Users\wills\.dotnet\tools;C:\WINDOWS\system32\config\systemprofile\AppData\Local\Microsoft\WindowsApps;C:\Program Files (x86)\Microsoft SQL Server\100\Tools\Binn\;C:\Program Files\Microsoft SQL Server\100\Tools\Binn\;C:\Program Files\Microsoft SQL Server\100\DTS\Binn\;E:\Git\cmd;C:\Users\wills\AppData\Local\Microsoft\WindowsApps;C:\Users\wills\AppData\Local\Programs\Microsoft VS Code\bin;C:\Users\wills\.dotnet\tools;C:\Users\wills\AppData\Local\GitHubDesktop\bin;C:\Users\wills\AppData\Local\atom\bin;C:\Users\wills\AppData\Local\Microsoft\WindowsApps;C:\Users\wills\.dotnet\tools
USERNAME=wills
OS=Windows_NT
PROCESSOR_IDENTIFIER=AMD64 Family 23 Model 113 Stepping 0, AuthenticAMD



---------------  S Y S T E M  ---------------

OS: Windows 10.0 , 64 bit Build 19041 (10.0.19041.2788)

CPU:total 12 (initial active 12) (12 cores per cpu, 1 threads per core) family 23 model 113 stepping 0, cmov, cx8, fxsr, mmx, sse, sse2, sse3, ssse3, sse4.1, sse4.2, popcnt, avx, avx2, aes, clmul, mmxext, 3dnowpref, lzcnt, sse4a, tsc, tscinvbit, tscinv, bmi1

Memory: 4k page, physical 16702044k(3554028k free), swap 21359196k(5620k free)

vm_info: OpenJDK 64-Bit Server VM (25.71-b00) for windows-amd64 JRE (1.8.0-adoptopenjdk-_2018_05_19_00_59-b00), built on May 19 2018 01:02:12 by "jenkins" with MS VC++ 10.0 (VS2010)

time: Thu May 11 02:38:38 2023
elapsed time: 0 seconds (0d 0h 0m 0s)

